0 info it worked if it ends with ok
1 verbose cli [ 'node', '/usr/local/bin/npm', 'publish' ]
2 info using npm@2.5.1
3 info using node@v0.12.1
4 verbose publish [ '.' ]
5 silly cache add args [ '.', null ]
6 verbose cache add spec .
7 silly cache add parsed spec { raw: '.',
7 silly cache add   scope: null,
7 silly cache add   name: null,
7 silly cache add   rawSpec: '.',
7 silly cache add   spec: '/Users/mfhj-dz-001-034/github/zoo-postpackager-autoload',
7 silly cache add   type: 'directory' }
8 verbose addLocalDirectory /Users/mfhj-dz-001-034/.npm/zoo-postpackager-autoload/1.0.0/package.tgz not in flight; packing
9 verbose tar pack [ '/Users/mfhj-dz-001-034/.npm/zoo-postpackager-autoload/1.0.0/package.tgz',
9 verbose tar pack   '/Users/mfhj-dz-001-034/github/zoo-postpackager-autoload' ]
10 verbose tarball /Users/mfhj-dz-001-034/.npm/zoo-postpackager-autoload/1.0.0/package.tgz
11 verbose folder /Users/mfhj-dz-001-034/github/zoo-postpackager-autoload
12 info prepublish zoo-postpackager-autoload@1.0.0
13 verbose addLocalTarball adding from inside cache /Users/mfhj-dz-001-034/.npm/zoo-postpackager-autoload/1.0.0/package.tgz
14 silly cache afterAdd zoo-postpackager-autoload@1.0.0
15 verbose afterAdd /Users/mfhj-dz-001-034/.npm/zoo-postpackager-autoload/1.0.0/package/package.json not in flight; writing
16 verbose afterAdd /Users/mfhj-dz-001-034/.npm/zoo-postpackager-autoload/1.0.0/package/package.json written
17 silly publish { name: 'zoo-postpackager-autoload',
17 silly publish   version: '1.0.0',
17 silly publish   description: 'based on fis-postpackager-autoload',
17 silly publish   main: 'index',
17 silly publish   scripts: {},
17 silly publish   repository:
17 silly publish    { type: 'git',
17 silly publish      url: 'https://github.com/skyRen/zoo-postpackager-autoload' },
17 silly publish   keywords: [ 'fis-zoo', 'zoo-postpackager-autoload' ],
17 silly publish   author: { name: 'rsk', email: 'rsk_rsk@163.com' },
17 silly publish   engines: { node: '>= 0.8.0' },
17 silly publish   license: 'BSD',
17 silly publish   bugs: { url: 'https://github.com/xwenliang/fis-zoo/issues' },
17 silly publish   homepage: 'https://github.com/xwenliang/fis-zoo',
17 silly publish   readme: 'ERROR: No README data found!',
17 silly publish   _id: 'zoo-postpackager-autoload@1.0.0',
17 silly publish   _shasum: 'd7f5618b42f145fd330d4a42e9e02e425bceb26b',
17 silly publish   _from: '.' }
18 silly mapToRegistry name zoo-postpackager-autoload
19 silly mapToRegistry using default registry
20 silly mapToRegistry registry https://registry.npmjs.org/
21 silly mapToRegistry uri https://registry.npmjs.org/zoo-postpackager-autoload
22 verbose publish registryBase https://registry.npmjs.org/
23 silly publish uploading /Users/mfhj-dz-001-034/.npm/zoo-postpackager-autoload/1.0.0/package.tgz
24 verbose request uri https://registry.npmjs.org/zoo-postpackager-autoload
25 verbose request sending authorization for write operation
26 info attempt registry request try #1 at 13:45:07
27 verbose request id f468ddba86beb2cc
28 http request PUT https://registry.npmjs.org/zoo-postpackager-autoload
29 http 409 https://registry.npmjs.org/zoo-postpackager-autoload
30 verbose headers { date: 'Fri, 03 Apr 2015 05:45:08 GMT',
30 verbose headers   server: 'Apache',
30 verbose headers   'content-type': 'application/json',
30 verbose headers   'cache-control': 'max-age=60',
30 verbose headers   'content-length': '17',
30 verbose headers   'accept-ranges': 'bytes',
30 verbose headers   via: '1.1 varnish',
30 verbose headers   'x-served-by': 'cache-nrt6134-NRT',
30 verbose headers   'x-cache': 'MISS',
30 verbose headers   'x-cache-hits': '0',
30 verbose headers   'x-timer': 'S1428039907.703194,VS0,VE509',
30 verbose headers   'keep-alive': 'timeout=10, max=50',
30 verbose headers   connection: 'Keep-Alive' }
31 verbose request invalidating /Users/mfhj-dz-001-034/.npm/registry.npmjs.org/zoo-postpackager-autoload on PUT
32 verbose request uri https://registry.npmjs.org/zoo-postpackager-autoload?write=true
33 verbose request no auth needed
34 info attempt registry request try #1 at 13:45:13
35 http request GET https://registry.npmjs.org/zoo-postpackager-autoload?write=true
36 http 200 https://registry.npmjs.org/zoo-postpackager-autoload?write=true
37 verbose stack Error: cannot modify pre-existing version
37 verbose stack     at conflictError (/usr/local/lib/node_modules/npm/node_modules/npm-registry-client/lib/publish.js:184:11)
37 verbose stack     at CachingRegistryClient.putNext (/usr/local/lib/node_modules/npm/node_modules/npm-registry-client/lib/publish.js:147:15)
37 verbose stack     at /usr/local/lib/node_modules/npm/node_modules/npm-registry-client/lib/publish.js:129:15
37 verbose stack     at /usr/local/lib/node_modules/npm/lib/cache/caching-client.js:52:8
37 verbose stack     at f (/usr/local/lib/node_modules/npm/node_modules/once/once.js:17:25)
37 verbose stack     at /usr/local/lib/node_modules/npm/node_modules/npm-registry-client/lib/request.js:73:16
37 verbose stack     at f (/usr/local/lib/node_modules/npm/node_modules/once/once.js:17:25)
37 verbose stack     at CachingRegistryClient.<anonymous> (/usr/local/lib/node_modules/npm/node_modules/npm-registry-client/lib/request.js:262:12)
37 verbose stack     at Request._callback (/usr/local/lib/node_modules/npm/node_modules/npm-registry-client/lib/request.js:178:14)
37 verbose stack     at Request.self.callback (/usr/local/lib/node_modules/npm/node_modules/request/request.js:344:22)
38 verbose pkgid zoo-postpackager-autoload
39 verbose cwd /Users/mfhj-dz-001-034/github/zoo-postpackager-autoload
40 error Darwin 14.0.0
41 error argv "node" "/usr/local/bin/npm" "publish"
42 error node v0.12.1
43 error npm  v2.5.1
44 error code EPUBLISHCONFLICT
45 error publish fail Cannot publish over existing version.
45 error publish fail Update the 'version' field in package.json and try again.
45 error publish fail
45 error publish fail To automatically increment version numbers, see:
45 error publish fail     npm help version
46 verbose exit [ 1, true ]
